<?xml version="1.0" encoding="UTF-8"?><testsuite errors="0" failures="0" name="tests.CountriesSearchTests" skipped="0" tests="3" time="3.15" timestamp="2018-09-24T18:12:21.965+03:00[Europe/Moscow]"><testcase classname="tests.CountriesSearchTests" name="Verify that we can find russia using the code RU"/><testcase classname="tests.CountriesSearchTests" name="Verify that we can find USA using the code US"/><testcase classname="tests.CountriesSearchTests" name="Verify that we can find india using the code IN"/></testsuite>