<?xml version="1.0" encoding="UTF-8"?><testsuite errors="0" failures="0" name="tests.CountriesSearchTestsWithSteps" skipped="0" tests="3" time="1.01" timestamp="2018-09-24T18:12:30.081+03:00[Europe/Moscow]"><testcase classname="tests.CountriesSearchTestsWithSteps" name="Verify that we can find russia using the code RU"/><testcase classname="tests.CountriesSearchTestsWithSteps" name="Verify that we can find brazil country using the code BR"/><testcase classname="tests.CountriesSearchTestsWithSteps" name="Verify that we can find india country using the code IN"/></testsuite>